0 info it worked if it ends with ok
1 verbose cli [ 'C:\\Program Files\\nodejs\\node.exe',
1 verbose cli   'C:\\Program Files\\nodejs\\node_modules\\npm\\bin\\npm-cli.js',
1 verbose cli   'install',
1 verbose cli   'browserify',
1 verbose cli   '--save' ]
2 info using npm@2.15.1
3 info using node@v4.4.3
4 verbose install initial load of C:\Users\Mateo\aca-advanced\litter\package.json
5 verbose installManyTop reading scoped package data from C:\Users\Mateo\aca-advanced\litter\node_modules\body-parser\package.json
6 verbose installManyTop reading scoped package data from C:\Users\Mateo\aca-advanced\litter\node_modules\browserify\package.json
7 verbose installManyTop reading scoped package data from C:\Users\Mateo\aca-advanced\litter\node_modules\cookie-parser\package.json
8 verbose installManyTop reading scoped package data from C:\Users\Mateo\aca-advanced\litter\node_modules\debug\package.json
9 verbose installManyTop reading scoped package data from C:\Users\Mateo\aca-advanced\litter\node_modules\ejs\package.json
10 verbose installManyTop reading scoped package data from C:\Users\Mateo\aca-advanced\litter\node_modules\express\package.json
11 verbose installManyTop reading scoped package data from C:\Users\Mateo\aca-advanced\litter\node_modules\mongoose\package.json
12 verbose installManyTop reading scoped package data from C:\Users\Mateo\aca-advanced\litter\node_modules\morgan\package.json
13 verbose installManyTop reading scoped package data from C:\Users\Mateo\aca-advanced\litter\node_modules\nodemon\package.json
14 verbose installManyTop reading scoped package data from C:\Users\Mateo\aca-advanced\litter\node_modules\serve-favicon\package.json
15 verbose readDependencies loading dependencies from C:\Users\Mateo\aca-advanced\litter\package.json
16 verbose install browserify is installed as 13.0.1
17 silly cache add args [ 'browserify', null ]
18 verbose cache add spec browserify
19 silly cache add parsed spec Result {
19 silly cache add   raw: 'browserify',
19 silly cache add   scope: null,
19 silly cache add   name: 'browserify',
19 silly cache add   rawSpec: '',
19 silly cache add   spec: 'latest',
19 silly cache add   type: 'tag' }
20 silly addNamed browserify@latest
21 verbose addNamed "latest" is being treated as a dist-tag for browserify
22 info addNameTag [ 'browserify', 'latest' ]
23 silly mapToRegistry name browserify
24 silly mapToRegistry using default registry
25 silly mapToRegistry registry https://registry.npmjs.org/
26 silly mapToRegistry data Result {
26 silly mapToRegistry   raw: 'browserify',
26 silly mapToRegistry   scope: null,
26 silly mapToRegistry   name: 'browserify',
26 silly mapToRegistry   rawSpec: '',
26 silly mapToRegistry   spec: 'latest',
26 silly mapToRegistry   type: 'tag' }
27 silly mapToRegistry uri https://registry.npmjs.org/browserify
28 verbose addNameTag registry:https://registry.npmjs.org/browserify not in flight; fetching
29 verbose request uri https://registry.npmjs.org/browserify
30 verbose request no auth needed
31 info attempt registry request try #1 at 11:43:59 AM
32 verbose request id fe7b4961759b3eac
33 verbose etag "8KC0SI0J3UDS48P9FYA9GR7TD"
34 http request GET https://registry.npmjs.org/browserify
35 http 304 https://registry.npmjs.org/browserify
36 verbose headers { date: 'Sat, 11 Jun 2016 16:44:02 GMT',
36 verbose headers   via: '1.1 varnish',
36 verbose headers   'cache-control': 'max-age=300',
36 verbose headers   etag: '"8KC0SI0J3UDS48P9FYA9GR7TD"',
36 verbose headers   age: '93',
36 verbose headers   connection: 'keep-alive',
36 verbose headers   'x-served-by': 'cache-jfk1041-JFK',
36 verbose headers   'x-cache': 'HIT',
36 verbose headers   'x-cache-hits': '1',
36 verbose headers   'x-timer': 'S1465663442.525176,VS0,VE0',
36 verbose headers   vary: 'Accept-Encoding' }
37 silly get cb [ 304,
37 silly get   { date: 'Sat, 11 Jun 2016 16:44:02 GMT',
37 silly get     via: '1.1 varnish',
37 silly get     'cache-control': 'max-age=300',
37 silly get     etag: '"8KC0SI0J3UDS48P9FYA9GR7TD"',
37 silly get     age: '93',
37 silly get     connection: 'keep-alive',
37 silly get     'x-served-by': 'cache-jfk1041-JFK',
37 silly get     'x-cache': 'HIT',
37 silly get     'x-cache-hits': '1',
37 silly get     'x-timer': 'S1465663442.525176,VS0,VE0',
37 silly get     vary: 'Accept-Encoding' } ]
38 verbose etag https://registry.npmjs.org/browserify from cache
39 verbose get saving browserify to C:\Users\Mateo\AppData\Roaming\npm-cache\registry.npmjs.org\browserify\.cache.json
40 verbose correctMkdir C:\Users\Mateo\AppData\Roaming\npm-cache correctMkdir not in flight; initializing
41 silly addNameTag next cb for browserify with tag latest
42 silly addNamed browserify@13.0.1
43 verbose addNamed "13.0.1" is a plain semver version for browserify
44 silly cache afterAdd browserify@13.0.1
45 verbose afterAdd C:\Users\Mateo\AppData\Roaming\npm-cache\browserify\13.0.1\package\package.json not in flight; writing
46 verbose correctMkdir C:\Users\Mateo\AppData\Roaming\npm-cache correctMkdir not in flight; initializing
47 verbose afterAdd C:\Users\Mateo\AppData\Roaming\npm-cache\browserify\13.0.1\package\package.json written
48 silly install resolved [ { name: 'browserify',
48 silly install resolved     version: '13.0.1',
48 silly install resolved     description: 'browser-side require() the node way',
48 silly install resolved     main: 'index.js',
48 silly install resolved     bin: { browserify: 'bin/cmd.js' },
48 silly install resolved     repository:
48 silly install resolved      { type: 'git',
48 silly install resolved        url: 'git+ssh://git@github.com/substack/node-browserify.git' },
48 silly install resolved     keywords:
48 silly install resolved      [ 'browser',
48 silly install resolved        'require',
48 silly install resolved        'commonjs',
48 silly install resolved        'commonj-esque',
48 silly install resolved        'bundle',
48 silly install resolved        'npm',
48 silly install resolved        'javascript' ],
48 silly install resolved     dependencies:
48 silly install resolved      { JSONStream: '^1.0.3',
48 silly install resolved        assert: '~1.3.0',
48 silly install resolved        'browser-pack': '^6.0.1',
48 silly install resolved        'browser-resolve': '^1.11.0',
48 silly install resolved        'browserify-zlib': '~0.1.2',
48 silly install resolved        buffer: '^4.1.0',
48 silly install resolved        'concat-stream': '~1.5.1',
48 silly install resolved        'console-browserify': '^1.1.0',
48 silly install resolved        'constants-browserify': '~1.0.0',
48 silly install resolved        'crypto-browserify': '^3.0.0',
48 silly install resolved        defined: '^1.0.0',
48 silly install resolved        'deps-sort': '^2.0.0',
48 silly install resolved        'domain-browser': '~1.1.0',
48 silly install resolved        duplexer2: '~0.1.2',
48 silly install resolved        events: '~1.1.0',
48 silly install resolved        glob: '^5.0.15',
48 silly install resolved        has: '^1.0.0',
48 silly install resolved        htmlescape: '^1.1.0',
48 silly install resolved        'https-browserify': '~0.0.0',
48 silly install resolved        inherits: '~2.0.1',
48 silly install resolved        'insert-module-globals': '^7.0.0',
48 silly install resolved        'labeled-stream-splicer': '^2.0.0',
48 silly install resolved        'module-deps': '^4.0.2',
48 silly install resolved        'os-browserify': '~0.1.1',
48 silly install resolved        parents: '^1.0.1',
48 silly install resolved        'path-browserify': '~0.0.0',
48 silly install resolved        process: '~0.11.0',
48 silly install resolved        punycode: '^1.3.2',
48 silly install resolved        'querystring-es3': '~0.2.0',
48 silly install resolved        'read-only-stream': '^2.0.0',
48 silly install resolved        'readable-stream': '^2.0.2',
48 silly install resolved        resolve: '^1.1.4',
48 silly install resolved        shasum: '^1.0.0',
48 silly install resolved        'shell-quote': '^1.4.3',
48 silly install resolved        'stream-browserify': '^2.0.0',
48 silly install resolved        'stream-http': '^2.0.0',
48 silly install resolved        string_decoder: '~0.10.0',
48 silly install resolved        subarg: '^1.0.0',
48 silly install resolved        'syntax-error': '^1.1.1',
48 silly install resolved        through2: '^2.0.0',
48 silly install resolved        'timers-browserify': '^1.0.1',
48 silly install resolved        'tty-browserify': '~0.0.0',
48 silly install resolved        url: '~0.11.0',
48 silly install resolved        util: '~0.10.1',
48 silly install resolved        'vm-browserify': '~0.0.1',
48 silly install resolved        xtend: '^4.0.0' },
48 silly install resolved     devDependencies:
48 silly install resolved      { backbone: '~0.9.2',
48 silly install resolved        'browser-unpack': '^1.1.1',
48 silly install resolved        'coffee-script': '~1.10.0',
48 silly install resolved        coffeeify: '~1.1.0',
48 silly install resolved        es6ify: '~0.4.8',
48 silly install resolved        isstream: '^0.1.2',
48 silly install resolved        seq: '0.3.5',
48 silly install resolved        tap: '^2.2.0',
48 silly install resolved        temp: '^0.8.1',
48 silly install resolved        through: '^2.3.4' },
48 silly install resolved     author:
48 silly install resolved      { name: 'James Halliday',
48 silly install resolved        email: 'mail@substack.net',
48 silly install resolved        url: 'http://substack.net' },
48 silly install resolved     scripts: { test: 'tap test/*.js' },
48 silly install resolved     license: 'MIT',
48 silly install resolved     gitHead: '1491be44059bdf211c88f4031b1eb0fefc890710',
48 silly install resolved     bugs: { url: 'https://github.com/substack/node-browserify/issues' },
48 silly install resolved     homepage: 'https://github.com/substack/node-browserify#readme',
48 silly install resolved     _id: 'browserify@13.0.1',
48 silly install resolved     _shasum: 'd37179cbb222179ecf730ec7e625e998677902d4',
48 silly install resolved     _from: 'browserify@latest',
48 silly install resolved     _npmVersion: '3.8.1',
48 silly install resolved     _nodeVersion: '5.6.0',
48 silly install resolved     _npmUser: { name: 'jmm', email: 'npm-public@jessemccarthy.net' },
48 silly install resolved     maintainers:
48 silly install resolved      [ [Object],
48 silly install resolved        [Object],
48 silly install resolved        [Object],
48 silly install resolved        [Object],
48 silly install resolved        [Object],
48 silly install resolved        [Object],
48 silly install resolved        [Object],
48 silly install resolved        [Object],
48 silly install resolved        [Object],
48 silly install resolved        [Object],
48 silly install resolved        [Object] ],
48 silly install resolved     dist:
48 silly install resolved      { shasum: 'd37179cbb222179ecf730ec7e625e998677902d4',
48 silly install resolved        tarball: 'https://registry.npmjs.org/browserify/-/browserify-13.0.1.tgz' },
48 silly install resolved     _npmOperationalInternal:
48 silly install resolved      { host: 'packages-12-west.internal.npmjs.com',
48 silly install resolved        tmp: 'tmp/browserify-13.0.1.tgz_1462541879956_0.8331573335453868' },
48 silly install resolved     directories: {},
48 silly install resolved     _resolved: 'https://registry.npmjs.org/browserify/-/browserify-13.0.1.tgz',
48 silly install resolved     readme: 'ERROR: No README data found!' } ]
49 info install browserify@13.0.1 into C:\Users\Mateo\aca-advanced\litter
50 info installOne browserify@13.0.1
51 verbose installOne of browserify to C:\Users\Mateo\aca-advanced\litter not in flight; installing
52 verbose correctMkdir C:\Users\Mateo\AppData\Roaming\npm-cache\_locks correctMkdir not in flight; initializing
53 verbose lock using C:\Users\Mateo\AppData\Roaming\npm-cache\_locks\browserify-b6aacfa39a9d7479.lock for C:\Users\Mateo\aca-advanced\litter\node_modules\browserify
54 silly install write writing browserify 13.0.1 to C:\Users\Mateo\aca-advanced\litter\node_modules\browserify
55 verbose unbuild node_modules\browserify
56 info preuninstall browserify@13.0.1
57 info uninstall browserify@13.0.1
58 verbose unbuild rmStuff browserify@13.0.1 from C:\Users\Mateo\aca-advanced\litter\node_modules
59 silly gentlyRm C:\Users\Mateo\aca-advanced\litter\node_modules\.bin\browserify.cmd is being gently removed
60 silly gentlyRm verifying C:\Users\Mateo\aca-advanced\litter is an npm working directory
61 silly gentlyRm containing path C:\Users\Mateo\aca-advanced\litter is under npm's control, in C:\Users\Mateo\aca-advanced\litter
62 silly gentlyRm deletion target C:\Users\Mateo\aca-advanced\litter\node_modules\.bin\browserify.cmd is under C:\Users\Mateo\aca-advanced\litter
63 verbose gentlyRm vacuuming from C:\Users\Mateo\aca-advanced\litter\node_modules\.bin\browserify.cmd up to C:\Users\Mateo\aca-advanced\litter
64 silly vacuum-fs removing C:\Users\Mateo\aca-advanced\litter\node_modules\.bin\browserify.cmd
65 silly vacuum-fs quitting because other entries in C:\Users\Mateo\aca-advanced\litter\node_modules\.bin
66 silly gentlyRm C:\Users\Mateo\aca-advanced\litter\node_modules\.bin\browserify is being gently removed
67 silly gentlyRm verifying C:\Users\Mateo\aca-advanced\litter is an npm working directory
68 silly gentlyRm containing path C:\Users\Mateo\aca-advanced\litter is under npm's control, in C:\Users\Mateo\aca-advanced\litter
69 silly gentlyRm deletion target C:\Users\Mateo\aca-advanced\litter\node_modules\.bin\browserify is under C:\Users\Mateo\aca-advanced\litter
70 verbose gentlyRm vacuuming from C:\Users\Mateo\aca-advanced\litter\node_modules\.bin\browserify up to C:\Users\Mateo\aca-advanced\litter
71 silly vacuum-fs removing C:\Users\Mateo\aca-advanced\litter\node_modules\.bin\browserify
72 silly vacuum-fs quitting because other entries in C:\Users\Mateo\aca-advanced\litter\node_modules\.bin
73 info postuninstall browserify@13.0.1
74 silly gentlyRm C:\Users\Mateo\aca-advanced\litter\node_modules\browserify is being purged from base C:\Users\Mateo\aca-advanced\litter
75 verbose gentlyRm don't care about contents; nuking C:\Users\Mateo\aca-advanced\litter\node_modules\browserify
76 silly vacuum-fs purging C:\Users\Mateo\aca-advanced\litter\node_modules\browserify
77 silly vacuum-fs quitting because other entries in C:\Users\Mateo\aca-advanced\litter\node_modules
78 verbose tar unpack C:\Users\Mateo\AppData\Roaming\npm-cache\browserify\13.0.1\package.tgz
79 verbose tar unpacking to C:\Users\Mateo\aca-advanced\litter\node_modules\browserify
80 silly gentlyRm C:\Users\Mateo\aca-advanced\litter\node_modules\browserify is being purged
81 verbose gentlyRm don't care about contents; nuking C:\Users\Mateo\aca-advanced\litter\node_modules\browserify
82 silly vacuum-fs Error: EPERM: operation not permitted, lstat 'C:\Users\Mateo\aca-advanced\litter\node_modules\browserify'
82 silly vacuum-fs     at Error (native)
83 verbose unlock done using C:\Users\Mateo\AppData\Roaming\npm-cache\_locks\browserify-b6aacfa39a9d7479.lock for C:\Users\Mateo\aca-advanced\litter\node_modules\browserify
84 verbose stack Error: EPERM: operation not permitted, lstat 'C:\Users\Mateo\aca-advanced\litter\node_modules\browserify'
84 verbose stack     at Error (native)
85 verbose cwd C:\Users\Mateo\aca-advanced\litter
86 error Windows_NT 6.3.9600
87 error argv "C:\\Program Files\\nodejs\\node.exe" "C:\\Program Files\\nodejs\\node_modules\\npm\\bin\\npm-cli.js" "install" "browserify" "--save"
88 error node v4.4.3
89 error npm  v2.15.1
90 error path C:\Users\Mateo\aca-advanced\litter\node_modules\browserify
91 error code EPERM
92 error errno -4048
93 error syscall lstat
94 error Error: EPERM: operation not permitted, lstat 'C:\Users\Mateo\aca-advanced\litter\node_modules\browserify'
94 error     at Error (native)
94 error  { [Error: EPERM: operation not permitted, lstat 'C:\Users\Mateo\aca-advanced\litter\node_modules\browserify']
94 error   errno: -4048,
94 error   code: 'EPERM',
94 error   syscall: 'lstat',
94 error   path: 'C:\\Users\\Mateo\\aca-advanced\\litter\\node_modules\\browserify' }
95 error Please try running this command again as root/Administrator.
96 verbose exit [ -4048, true ]
97 verbose unbuild node_modules\browserify
98 silly gentlyRm C:\Users\Mateo\aca-advanced\litter\node_modules\browserify is being purged from base C:\Users\Mateo\aca-advanced\litter
99 verbose gentlyRm don't care about contents; nuking C:\Users\Mateo\aca-advanced\litter\node_modules\browserify
100 silly vacuum-fs Error: EPERM: operation not permitted, lstat 'C:\Users\Mateo\aca-advanced\litter\node_modules\browserify'
100 silly vacuum-fs     at Error (native)
101 error error rolling back Error: EPERM: operation not permitted, lstat 'C:\Users\Mateo\aca-advanced\litter\node_modules\browserify'
101 error error rolling back     at Error (native)
101 error error rolling back  { [Error: EPERM: operation not permitted, lstat 'C:\Users\Mateo\aca-advanced\litter\node_modules\browserify']
101 error error rolling back   errno: -4048,
101 error error rolling back   code: 'EPERM',
101 error error rolling back   syscall: 'lstat',
101 error error rolling back   path: 'C:\\Users\\Mateo\\aca-advanced\\litter\\node_modules\\browserify' }
